[2026-03-11T07:23:50.596+0500] {taskinstance.py:1956} INFO - Dependencies all met for dep_context=non-requeueable deps ti=<TaskInstance: mlops_titanic_pipeline.feature_engineering manual__2026-03-11T02:22:59+00:00 [queued]>
[2026-03-11T07:23:50.622+0500] {taskinstance.py:1956} INFO - Dependencies all met for dep_context=requeueable deps ti=<TaskInstance: mlops_titanic_pipeline.feature_engineering manual__2026-03-11T02:22:59+00:00 [queued]>
[2026-03-11T07:23:50.622+0500] {taskinstance.py:2170} INFO - Starting attempt 1 of 3
[2026-03-11T07:23:50.693+0500] {taskinstance.py:2191} INFO - Executing <Task(PythonOperator): feature_engineering> on 2026-03-11 02:22:59+00:00
[2026-03-11T07:23:50.720+0500] {standard_task_runner.py:60} INFO - Started process 12309 to run task
[2026-03-11T07:23:50.743+0500] {standard_task_runner.py:87} INFO - Running: ['airflow', 'tasks', 'run', 'mlops_titanic_pipeline', 'feature_engineering', 'manual__2026-03-11T02:22:59+00:00', '--job-id', '88', '--raw', '--subdir', 'DAGS_FOLDER/mlops_airflow_mlflow_pipeline.py', '--cfg-path', '/tmp/tmp1_5ixtxl']
[2026-03-11T07:23:50.746+0500] {standard_task_runner.py:88} INFO - Job 88: Subtask feature_engineering
[2026-03-11T07:23:50.917+0500] {task_command.py:423} INFO - Running <TaskInstance: mlops_titanic_pipeline.feature_engineering manual__2026-03-11T02:22:59+00:00 [running]> on host DESKTOP-QSRKUG3.localdomain
[2026-03-11T07:23:51.482+0500] {taskinstance.py:2480} INFO - Exporting env vars: AIRFLOW_CTX_DAG_OWNER='Hasnat_Noor' AIRFLOW_CTX_DAG_ID='mlops_titanic_pipeline' AIRFLOW_CTX_TASK_ID='feature_engineering' AIRFLOW_CTX_EXECUTION_DATE='2026-03-11T02:22:59+00:00' AIRFLOW_CTX_TRY_NUMBER='1' AIRFLOW_CTX_DAG_RUN_ID='manual__2026-03-11T02:22:59+00:00'
[2026-03-11T07:23:51.484+0500] {logging_mixin.py:188} INFO - ==================================================
[2026-03-11T07:23:51.485+0500] {logging_mixin.py:188} INFO - TASK 4b: FEATURE ENGINEERING
[2026-03-11T07:23:51.485+0500] {logging_mixin.py:188} INFO - ==================================================
[2026-03-11T07:23:51.530+0500] {logging_mixin.py:188} INFO - FamilySize - min: 1, max: 11
[2026-03-11T07:23:51.532+0500] {logging_mixin.py:188} INFO - IsAlone    - 0s: 354, 1s: 537
[2026-03-11T07:23:51.557+0500] {logging_mixin.py:188} INFO - 
Sample rows:
   SibSp  Parch  FamilySize  IsAlone
0      1      0           2        0
1      1      0           2        0
2      0      0           1        1
3      1      0           2        0
4      0      0           1        1
[2026-03-11T07:23:51.606+0500] {logging_mixin.py:188} INFO - 
Saved to: /home/hamza/mlops_assignment2/data/titanic_features.csv
[2026-03-11T07:23:51.608+0500] {python.py:201} INFO - Done. Returned value was: None
[2026-03-11T07:23:51.617+0500] {taskinstance.py:1138} INFO - Marking task as SUCCESS. dag_id=mlops_titanic_pipeline, task_id=feature_engineering, execution_date=20260311T022259, start_date=20260311T022350, end_date=20260311T022351
[2026-03-11T07:23:51.691+0500] {local_task_job_runner.py:234} INFO - Task exited with return code 0
[2026-03-11T07:23:51.753+0500] {taskinstance.py:3280} INFO - 1 downstream tasks scheduled from follow-on schedule check
