[2026-03-11T07:29:34.825+0500] {taskinstance.py:1956} INFO - Dependencies all met for dep_context=non-requeueable deps ti=<TaskInstance: mlops_titanic_pipeline.handle_missing manual__2026-03-11T02:28:52+00:00 [queued]>
[2026-03-11T07:29:34.844+0500] {taskinstance.py:1956} INFO - Dependencies all met for dep_context=requeueable deps ti=<TaskInstance: mlops_titanic_pipeline.handle_missing manual__2026-03-11T02:28:52+00:00 [queued]>
[2026-03-11T07:29:34.844+0500] {taskinstance.py:2170} INFO - Starting attempt 1 of 3
[2026-03-11T07:29:34.870+0500] {taskinstance.py:2191} INFO - Executing <Task(PythonOperator): handle_missing> on 2026-03-11 02:28:52+00:00
[2026-03-11T07:29:34.880+0500] {standard_task_runner.py:60} INFO - Started process 12743 to run task
[2026-03-11T07:29:34.886+0500] {standard_task_runner.py:87} INFO - Running: ['airflow', 'tasks', 'run', 'mlops_titanic_pipeline', 'handle_missing', 'manual__2026-03-11T02:28:52+00:00', '--job-id', '107', '--raw', '--subdir', 'DAGS_FOLDER/mlops_airflow_mlflow_pipeline.py', '--cfg-path', '/tmp/tmpuwpe6icb']
[2026-03-11T07:29:34.886+0500] {standard_task_runner.py:88} INFO - Job 107: Subtask handle_missing
[2026-03-11T07:29:34.952+0500] {task_command.py:423} INFO - Running <TaskInstance: mlops_titanic_pipeline.handle_missing manual__2026-03-11T02:28:52+00:00 [running]> on host DESKTOP-QSRKUG3.localdomain
[2026-03-11T07:29:35.326+0500] {taskinstance.py:2480} INFO - Exporting env vars: AIRFLOW_CTX_DAG_OWNER='Hasnat_Noor' AIRFLOW_CTX_DAG_ID='mlops_titanic_pipeline' AIRFLOW_CTX_TASK_ID='handle_missing' AIRFLOW_CTX_EXECUTION_DATE='2026-03-11T02:28:52+00:00' AIRFLOW_CTX_TRY_NUMBER='1' AIRFLOW_CTX_DAG_RUN_ID='manual__2026-03-11T02:28:52+00:00'
[2026-03-11T07:29:35.327+0500] {logging_mixin.py:188} INFO - ==================================================
[2026-03-11T07:29:35.327+0500] {logging_mixin.py:188} INFO - TASK 4a: HANDLE MISSING VALUES
[2026-03-11T07:29:35.327+0500] {logging_mixin.py:188} INFO - ==================================================
[2026-03-11T07:29:35.342+0500] {logging_mixin.py:188} INFO - Before - Age nulls:      177
[2026-03-11T07:29:35.343+0500] {logging_mixin.py:188} INFO - Before - Embarked nulls: 2
[2026-03-11T07:29:35.344+0500] {logging_mixin.py:188} INFO - Before - Fare nulls:     0
[2026-03-11T07:29:35.349+0500] {logging_mixin.py:188} INFO - 
After - Age nulls:      0
[2026-03-11T07:29:35.350+0500] {logging_mixin.py:188} INFO - After - Embarked nulls: 0
[2026-03-11T07:29:35.351+0500] {logging_mixin.py:188} INFO - After - Fare nulls:     0
[2026-03-11T07:29:35.382+0500] {logging_mixin.py:188} INFO - 
Saved to: /home/hamza/mlops_assignment2/data/titanic_missing_handled.csv
[2026-03-11T07:29:35.383+0500] {python.py:201} INFO - Done. Returned value was: None
[2026-03-11T07:29:35.389+0500] {taskinstance.py:1138} INFO - Marking task as SUCCESS. dag_id=mlops_titanic_pipeline, task_id=handle_missing, execution_date=20260311T022852, start_date=20260311T022934, end_date=20260311T022935
[2026-03-11T07:29:35.458+0500] {local_task_job_runner.py:234} INFO - Task exited with return code 0
[2026-03-11T07:29:35.492+0500] {taskinstance.py:3280} INFO - 0 downstream tasks scheduled from follow-on schedule check
