[2026-03-11T07:24:09.683+0500] {taskinstance.py:1956} INFO - Dependencies all met for dep_context=non-requeueable deps ti=<TaskInstance: mlops_titanic_pipeline.train_model manual__2026-03-11T02:22:59+00:00 [queued]>
[2026-03-11T07:24:09.695+0500] {taskinstance.py:1956} INFO - Dependencies all met for dep_context=requeueable deps ti=<TaskInstance: mlops_titanic_pipeline.train_model manual__2026-03-11T02:22:59+00:00 [queued]>
[2026-03-11T07:24:09.695+0500] {taskinstance.py:2170} INFO - Starting attempt 1 of 3
[2026-03-11T07:24:09.734+0500] {taskinstance.py:2191} INFO - Executing <Task(PythonOperator): train_model> on 2026-03-11 02:22:59+00:00
[2026-03-11T07:24:09.743+0500] {standard_task_runner.py:60} INFO - Started process 12337 to run task
[2026-03-11T07:24:09.750+0500] {standard_task_runner.py:87} INFO - Running: ['airflow', 'tasks', 'run', 'mlops_titanic_pipeline', 'train_model', 'manual__2026-03-11T02:22:59+00:00', '--job-id', '90', '--raw', '--subdir', 'DAGS_FOLDER/mlops_airflow_mlflow_pipeline.py', '--cfg-path', '/tmp/tmpznbh7nbj']
[2026-03-11T07:24:09.751+0500] {standard_task_runner.py:88} INFO - Job 90: Subtask train_model
[2026-03-11T07:24:09.830+0500] {task_command.py:423} INFO - Running <TaskInstance: mlops_titanic_pipeline.train_model manual__2026-03-11T02:22:59+00:00 [running]> on host DESKTOP-QSRKUG3.localdomain
[2026-03-11T07:24:10.222+0500] {taskinstance.py:2480} INFO - Exporting env vars: AIRFLOW_CTX_DAG_OWNER='Hasnat_Noor' AIRFLOW_CTX_DAG_ID='mlops_titanic_pipeline' AIRFLOW_CTX_TASK_ID='train_model' AIRFLOW_CTX_EXECUTION_DATE='2026-03-11T02:22:59+00:00' AIRFLOW_CTX_TRY_NUMBER='1' AIRFLOW_CTX_DAG_RUN_ID='manual__2026-03-11T02:22:59+00:00'
[2026-03-11T07:24:10.224+0500] {logging_mixin.py:188} INFO - ==================================================
[2026-03-11T07:24:10.224+0500] {logging_mixin.py:188} INFO - TASK 6: MODEL TRAINING WITH MLFLOW
[2026-03-11T07:24:10.225+0500] {logging_mixin.py:188} INFO - ==================================================
[2026-03-11T07:24:10.242+0500] {logging_mixin.py:188} INFO - Training size: (712, 9)
[2026-03-11T07:24:10.243+0500] {logging_mixin.py:188} INFO - Testing size:  (179, 9)
[2026-03-11T07:24:10.502+0500] {migration.py:216} INFO - Context impl SQLiteImpl.
[2026-03-11T07:24:10.502+0500] {migration.py:219} INFO - Will assume non-transactional DDL.
[2026-03-11T07:24:10.964+0500] {logging_mixin.py:188} INFO - 
Model Type:   RandomForest
[2026-03-11T07:24:10.965+0500] {logging_mixin.py:188} INFO - N_Estimators: 10
[2026-03-11T07:24:10.966+0500] {logging_mixin.py:188} INFO - Max_Depth:    2
[2026-03-11T07:24:15.001+0500] {logging_mixin.py:188} WARNING - 2026/03/11 07:24:15 WARNING mlflow.models.model: Model logged without a signature and input example. Please set `input_example` parameter when logging the model to auto infer the model signature.
[2026-03-11T07:24:15.096+0500] {logging_mixin.py:188} INFO - 
MLflow Run ID: 34241b1141a64520918f22e3716b7583
[2026-03-11T07:24:15.097+0500] {logging_mixin.py:188} INFO - Model artifact logged to MLflow ✓
[2026-03-11T07:24:15.236+0500] {python.py:201} INFO - Done. Returned value was: None
[2026-03-11T07:24:15.251+0500] {taskinstance.py:1138} INFO - Marking task as SUCCESS. dag_id=mlops_titanic_pipeline, task_id=train_model, execution_date=20260311T022259, start_date=20260311T022409, end_date=20260311T022415
[2026-03-11T07:24:15.381+0500] {local_task_job_runner.py:234} INFO - Task exited with return code 0
[2026-03-11T07:24:15.433+0500] {taskinstance.py:3280} INFO - 1 downstream tasks scheduled from follow-on schedule check
