[2026-03-11T07:24:30.089+0500] {taskinstance.py:1956} INFO - Dependencies all met for dep_context=non-requeueable deps ti=<TaskInstance: mlops_titanic_pipeline.branch_model manual__2026-03-11T02:22:59+00:00 [queued]>
[2026-03-11T07:24:30.099+0500] {taskinstance.py:1956} INFO - Dependencies all met for dep_context=requeueable deps ti=<TaskInstance: mlops_titanic_pipeline.branch_model manual__2026-03-11T02:22:59+00:00 [queued]>
[2026-03-11T07:24:30.100+0500] {taskinstance.py:2170} INFO - Starting attempt 1 of 3
[2026-03-11T07:24:30.127+0500] {taskinstance.py:2191} INFO - Executing <Task(BranchPythonOperator): branch_model> on 2026-03-11 02:22:59+00:00
[2026-03-11T07:24:30.142+0500] {standard_task_runner.py:60} INFO - Started process 12381 to run task
[2026-03-11T07:24:30.149+0500] {standard_task_runner.py:87} INFO - Running: ['airflow', 'tasks', 'run', 'mlops_titanic_pipeline', 'branch_model', 'manual__2026-03-11T02:22:59+00:00', '--job-id', '92', '--raw', '--subdir', 'DAGS_FOLDER/mlops_airflow_mlflow_pipeline.py', '--cfg-path', '/tmp/tmpfpw0uv70']
[2026-03-11T07:24:30.150+0500] {standard_task_runner.py:88} INFO - Job 92: Subtask branch_model
[2026-03-11T07:24:30.228+0500] {task_command.py:423} INFO - Running <TaskInstance: mlops_titanic_pipeline.branch_model manual__2026-03-11T02:22:59+00:00 [running]> on host DESKTOP-QSRKUG3.localdomain
[2026-03-11T07:24:30.686+0500] {taskinstance.py:2480} INFO - Exporting env vars: AIRFLOW_CTX_DAG_OWNER='Hasnat_Noor' AIRFLOW_CTX_DAG_ID='mlops_titanic_pipeline' AIRFLOW_CTX_TASK_ID='branch_model' AIRFLOW_CTX_EXECUTION_DATE='2026-03-11T02:22:59+00:00' AIRFLOW_CTX_TRY_NUMBER='1' AIRFLOW_CTX_DAG_RUN_ID='manual__2026-03-11T02:22:59+00:00'
[2026-03-11T07:24:30.688+0500] {logging_mixin.py:188} INFO - ==================================================
[2026-03-11T07:24:30.689+0500] {logging_mixin.py:188} INFO - TASK 8: BRANCHING LOGIC
[2026-03-11T07:24:30.690+0500] {logging_mixin.py:188} INFO - ==================================================
[2026-03-11T07:24:30.699+0500] {logging_mixin.py:188} INFO - Model Accuracy: 0.7765
[2026-03-11T07:24:30.700+0500] {logging_mixin.py:188} INFO - Threshold:      0.80
[2026-03-11T07:24:30.700+0500] {logging_mixin.py:188} INFO - Decision: REJECT MODEL ✗
[2026-03-11T07:24:30.701+0500] {python.py:201} INFO - Done. Returned value was: reject_model
[2026-03-11T07:24:30.701+0500] {branch.py:35} INFO - Branch into reject_model
[2026-03-11T07:24:30.701+0500] {skipmixin.py:178} INFO - Following branch reject_model
[2026-03-11T07:24:30.712+0500] {skipmixin.py:244} INFO - Skipping tasks [('register_model', -1)]
[2026-03-11T07:24:30.792+0500] {taskinstance.py:1138} INFO - Marking task as SUCCESS. dag_id=mlops_titanic_pipeline, task_id=branch_model, execution_date=20260311T022259, start_date=20260311T022430, end_date=20260311T022430
[2026-03-11T07:24:30.884+0500] {local_task_job_runner.py:234} INFO - Task exited with return code 0
[2026-03-11T07:24:30.939+0500] {taskinstance.py:3280} INFO - 1 downstream tasks scheduled from follow-on schedule check
