[2026-03-11T07:26:04.126+0500] {taskinstance.py:1956} INFO - Dependencies all met for dep_context=non-requeueable deps ti=<TaskInstance: mlops_titanic_pipeline.handle_missing manual__2026-03-11T02:25:23+00:00 [queued]>
[2026-03-11T07:26:04.141+0500] {taskinstance.py:1956} INFO - Dependencies all met for dep_context=requeueable deps ti=<TaskInstance: mlops_titanic_pipeline.handle_missing manual__2026-03-11T02:25:23+00:00 [queued]>
[2026-03-11T07:26:04.141+0500] {taskinstance.py:2170} INFO - Starting attempt 1 of 3
[2026-03-11T07:26:04.187+0500] {taskinstance.py:2191} INFO - Executing <Task(PythonOperator): handle_missing> on 2026-03-11 02:25:23+00:00
[2026-03-11T07:26:04.202+0500] {standard_task_runner.py:60} INFO - Started process 12498 to run task
[2026-03-11T07:26:04.212+0500] {standard_task_runner.py:87} INFO - Running: ['airflow', 'tasks', 'run', 'mlops_titanic_pipeline', 'handle_missing', 'manual__2026-03-11T02:25:23+00:00', '--job-id', '97', '--raw', '--subdir', 'DAGS_FOLDER/mlops_airflow_mlflow_pipeline.py', '--cfg-path', '/tmp/tmpz4xsu9m3']
[2026-03-11T07:26:04.214+0500] {standard_task_runner.py:88} INFO - Job 97: Subtask handle_missing
[2026-03-11T07:26:04.313+0500] {task_command.py:423} INFO - Running <TaskInstance: mlops_titanic_pipeline.handle_missing manual__2026-03-11T02:25:23+00:00 [running]> on host DESKTOP-QSRKUG3.localdomain
[2026-03-11T07:26:04.798+0500] {taskinstance.py:2480} INFO - Exporting env vars: AIRFLOW_CTX_DAG_OWNER='Hasnat_Noor' AIRFLOW_CTX_DAG_ID='mlops_titanic_pipeline' AIRFLOW_CTX_TASK_ID='handle_missing' AIRFLOW_CTX_EXECUTION_DATE='2026-03-11T02:25:23+00:00' AIRFLOW_CTX_TRY_NUMBER='1' AIRFLOW_CTX_DAG_RUN_ID='manual__2026-03-11T02:25:23+00:00'
[2026-03-11T07:26:04.802+0500] {logging_mixin.py:188} INFO - ==================================================
[2026-03-11T07:26:04.803+0500] {logging_mixin.py:188} INFO - TASK 4a: HANDLE MISSING VALUES
[2026-03-11T07:26:04.804+0500] {logging_mixin.py:188} INFO - ==================================================
[2026-03-11T07:26:04.834+0500] {logging_mixin.py:188} INFO - Before - Age nulls:      177
[2026-03-11T07:26:04.835+0500] {logging_mixin.py:188} INFO - Before - Embarked nulls: 2
[2026-03-11T07:26:04.837+0500] {logging_mixin.py:188} INFO - Before - Fare nulls:     0
[2026-03-11T07:26:04.842+0500] {logging_mixin.py:188} INFO - 
After - Age nulls:      0
[2026-03-11T07:26:04.843+0500] {logging_mixin.py:188} INFO - After - Embarked nulls: 0
[2026-03-11T07:26:04.844+0500] {logging_mixin.py:188} INFO - After - Fare nulls:     0
[2026-03-11T07:26:04.878+0500] {logging_mixin.py:188} INFO - 
Saved to: /home/hamza/mlops_assignment2/data/titanic_missing_handled.csv
[2026-03-11T07:26:04.879+0500] {python.py:201} INFO - Done. Returned value was: None
[2026-03-11T07:26:04.887+0500] {taskinstance.py:1138} INFO - Marking task as SUCCESS. dag_id=mlops_titanic_pipeline, task_id=handle_missing, execution_date=20260311T022523, start_date=20260311T022604, end_date=20260311T022604
[2026-03-11T07:26:04.975+0500] {local_task_job_runner.py:234} INFO - Task exited with return code 0
[2026-03-11T07:26:05.051+0500] {taskinstance.py:3280} INFO - 0 downstream tasks scheduled from follow-on schedule check
