[2026-03-11T07:26:30.488+0500] {taskinstance.py:1956} INFO - Dependencies all met for dep_context=non-requeueable deps ti=<TaskInstance: mlops_titanic_pipeline.train_model manual__2026-03-11T02:25:23+00:00 [queued]>
[2026-03-11T07:26:30.500+0500] {taskinstance.py:1956} INFO - Dependencies all met for dep_context=requeueable deps ti=<TaskInstance: mlops_titanic_pipeline.train_model manual__2026-03-11T02:25:23+00:00 [queued]>
[2026-03-11T07:26:30.500+0500] {taskinstance.py:2170} INFO - Starting attempt 1 of 3
[2026-03-11T07:26:30.532+0500] {taskinstance.py:2191} INFO - Executing <Task(PythonOperator): train_model> on 2026-03-11 02:25:23+00:00
[2026-03-11T07:26:30.547+0500] {standard_task_runner.py:60} INFO - Started process 12530 to run task
[2026-03-11T07:26:30.556+0500] {standard_task_runner.py:87} INFO - Running: ['airflow', 'tasks', 'run', 'mlops_titanic_pipeline', 'train_model', 'manual__2026-03-11T02:25:23+00:00', '--job-id', '100', '--raw', '--subdir', 'DAGS_FOLDER/mlops_airflow_mlflow_pipeline.py', '--cfg-path', '/tmp/tmp2m15rddn']
[2026-03-11T07:26:30.558+0500] {standard_task_runner.py:88} INFO - Job 100: Subtask train_model
[2026-03-11T07:26:30.663+0500] {task_command.py:423} INFO - Running <TaskInstance: mlops_titanic_pipeline.train_model manual__2026-03-11T02:25:23+00:00 [running]> on host DESKTOP-QSRKUG3.localdomain
[2026-03-11T07:26:31.038+0500] {taskinstance.py:2480} INFO - Exporting env vars: AIRFLOW_CTX_DAG_OWNER='Hasnat_Noor' AIRFLOW_CTX_DAG_ID='mlops_titanic_pipeline' AIRFLOW_CTX_TASK_ID='train_model' AIRFLOW_CTX_EXECUTION_DATE='2026-03-11T02:25:23+00:00' AIRFLOW_CTX_TRY_NUMBER='1' AIRFLOW_CTX_DAG_RUN_ID='manual__2026-03-11T02:25:23+00:00'
[2026-03-11T07:26:31.039+0500] {logging_mixin.py:188} INFO - ==================================================
[2026-03-11T07:26:31.040+0500] {logging_mixin.py:188} INFO - TASK 6: MODEL TRAINING WITH MLFLOW
[2026-03-11T07:26:31.040+0500] {logging_mixin.py:188} INFO - ==================================================
[2026-03-11T07:26:31.071+0500] {logging_mixin.py:188} INFO - Training size: (712, 9)
[2026-03-11T07:26:31.072+0500] {logging_mixin.py:188} INFO - Testing size:  (179, 9)
[2026-03-11T07:26:31.352+0500] {migration.py:216} INFO - Context impl SQLiteImpl.
[2026-03-11T07:26:31.352+0500] {migration.py:219} INFO - Will assume non-transactional DDL.
[2026-03-11T07:26:31.784+0500] {logging_mixin.py:188} INFO - 
Model Type:   RandomForest
[2026-03-11T07:26:31.787+0500] {logging_mixin.py:188} INFO - N_Estimators: 200
[2026-03-11T07:26:31.788+0500] {logging_mixin.py:188} INFO - Max_Depth:    10
[2026-03-11T07:26:36.883+0500] {logging_mixin.py:188} WARNING - 2026/03/11 07:26:36 WARNING mlflow.models.model: Model logged without a signature and input example. Please set `input_example` parameter when logging the model to auto infer the model signature.
[2026-03-11T07:26:37.071+0500] {logging_mixin.py:188} INFO - 
MLflow Run ID: 25c4ec031fee45ecbc32e705a22c4a70
[2026-03-11T07:26:37.072+0500] {logging_mixin.py:188} INFO - Model artifact logged to MLflow ✓
[2026-03-11T07:26:37.254+0500] {python.py:201} INFO - Done. Returned value was: None
[2026-03-11T07:26:37.274+0500] {taskinstance.py:1138} INFO - Marking task as SUCCESS. dag_id=mlops_titanic_pipeline, task_id=train_model, execution_date=20260311T022523, start_date=20260311T022630, end_date=20260311T022637
[2026-03-11T07:26:37.452+0500] {local_task_job_runner.py:234} INFO - Task exited with return code 0
[2026-03-11T07:26:37.501+0500] {taskinstance.py:3280} INFO - 1 downstream tasks scheduled from follow-on schedule check
