[2026-03-11T07:24:37.281+0500] {taskinstance.py:1956} INFO - Dependencies all met for dep_context=non-requeueable deps ti=<TaskInstance: mlops_titanic_pipeline.reject_model manual__2026-03-11T02:22:59+00:00 [queued]>
[2026-03-11T07:24:37.306+0500] {taskinstance.py:1956} INFO - Dependencies all met for dep_context=requeueable deps ti=<TaskInstance: mlops_titanic_pipeline.reject_model manual__2026-03-11T02:22:59+00:00 [queued]>
[2026-03-11T07:24:37.307+0500] {taskinstance.py:2170} INFO - Starting attempt 1 of 3
[2026-03-11T07:24:37.363+0500] {taskinstance.py:2191} INFO - Executing <Task(PythonOperator): reject_model> on 2026-03-11 02:22:59+00:00
[2026-03-11T07:24:37.377+0500] {standard_task_runner.py:60} INFO - Started process 12392 to run task
[2026-03-11T07:24:37.389+0500] {standard_task_runner.py:87} INFO - Running: ['airflow', 'tasks', 'run', 'mlops_titanic_pipeline', 'reject_model', 'manual__2026-03-11T02:22:59+00:00', '--job-id', '93', '--raw', '--subdir', 'DAGS_FOLDER/mlops_airflow_mlflow_pipeline.py', '--cfg-path', '/tmp/tmpca_1l13d']
[2026-03-11T07:24:37.391+0500] {standard_task_runner.py:88} INFO - Job 93: Subtask reject_model
[2026-03-11T07:24:37.513+0500] {task_command.py:423} INFO - Running <TaskInstance: mlops_titanic_pipeline.reject_model manual__2026-03-11T02:22:59+00:00 [running]> on host DESKTOP-QSRKUG3.localdomain
[2026-03-11T07:24:37.961+0500] {taskinstance.py:2480} INFO - Exporting env vars: AIRFLOW_CTX_DAG_OWNER='Hasnat_Noor' AIRFLOW_CTX_DAG_ID='mlops_titanic_pipeline' AIRFLOW_CTX_TASK_ID='reject_model' AIRFLOW_CTX_EXECUTION_DATE='2026-03-11T02:22:59+00:00' AIRFLOW_CTX_TRY_NUMBER='1' AIRFLOW_CTX_DAG_RUN_ID='manual__2026-03-11T02:22:59+00:00'
[2026-03-11T07:24:37.964+0500] {logging_mixin.py:188} INFO - ==================================================
[2026-03-11T07:24:37.965+0500] {logging_mixin.py:188} INFO - TASK 9: MODEL REJECTED
[2026-03-11T07:24:37.966+0500] {logging_mixin.py:188} INFO - ==================================================
[2026-03-11T07:24:38.372+0500] {migration.py:216} INFO - Context impl SQLiteImpl.
[2026-03-11T07:24:38.372+0500] {migration.py:219} INFO - Will assume non-transactional DDL.
[2026-03-11T07:24:38.514+0500] {logging_mixin.py:188} INFO - Rejection Reason: Accuracy 0.7765 is below threshold of 0.80
[2026-03-11T07:24:38.515+0500] {logging_mixin.py:188} INFO - Rejection reason logged to MLflow ✓
[2026-03-11T07:24:38.515+0500] {python.py:201} INFO - Done. Returned value was: None
[2026-03-11T07:24:38.520+0500] {taskinstance.py:1138} INFO - Marking task as SUCCESS. dag_id=mlops_titanic_pipeline, task_id=reject_model, execution_date=20260311T022259, start_date=20260311T022437, end_date=20260311T022438
[2026-03-11T07:24:38.608+0500] {local_task_job_runner.py:234} INFO - Task exited with return code 0
[2026-03-11T07:24:38.658+0500] {taskinstance.py:3280} INFO - 0 downstream tasks scheduled from follow-on schedule check
