[2026-03-11T07:23:08.528+0500] {taskinstance.py:1956} INFO - Dependencies all met for dep_context=non-requeueable deps ti=<TaskInstance: mlops_titanic_pipeline.ingest_data manual__2026-03-11T02:22:59+00:00 [queued]>
[2026-03-11T07:23:08.541+0500] {taskinstance.py:1956} INFO - Dependencies all met for dep_context=requeueable deps ti=<TaskInstance: mlops_titanic_pipeline.ingest_data manual__2026-03-11T02:22:59+00:00 [queued]>
[2026-03-11T07:23:08.541+0500] {taskinstance.py:2170} INFO - Starting attempt 1 of 3
[2026-03-11T07:23:08.587+0500] {taskinstance.py:2191} INFO - Executing <Task(PythonOperator): ingest_data> on 2026-03-11 02:22:59+00:00
[2026-03-11T07:23:08.607+0500] {standard_task_runner.py:60} INFO - Started process 12240 to run task
[2026-03-11T07:23:08.622+0500] {standard_task_runner.py:87} INFO - Running: ['airflow', 'tasks', 'run', 'mlops_titanic_pipeline', 'ingest_data', 'manual__2026-03-11T02:22:59+00:00', '--job-id', '84', '--raw', '--subdir', 'DAGS_FOLDER/mlops_airflow_mlflow_pipeline.py', '--cfg-path', '/tmp/tmp6rgke1uk']
[2026-03-11T07:23:08.625+0500] {standard_task_runner.py:88} INFO - Job 84: Subtask ingest_data
[2026-03-11T07:23:08.800+0500] {task_command.py:423} INFO - Running <TaskInstance: mlops_titanic_pipeline.ingest_data manual__2026-03-11T02:22:59+00:00 [running]> on host DESKTOP-QSRKUG3.localdomain
[2026-03-11T07:23:09.169+0500] {taskinstance.py:2480} INFO - Exporting env vars: AIRFLOW_CTX_DAG_OWNER='Hasnat_Noor' AIRFLOW_CTX_DAG_ID='mlops_titanic_pipeline' AIRFLOW_CTX_TASK_ID='ingest_data' AIRFLOW_CTX_EXECUTION_DATE='2026-03-11T02:22:59+00:00' AIRFLOW_CTX_TRY_NUMBER='1' AIRFLOW_CTX_DAG_RUN_ID='manual__2026-03-11T02:22:59+00:00'
[2026-03-11T07:23:09.171+0500] {logging_mixin.py:188} INFO - ==================================================
[2026-03-11T07:23:09.171+0500] {logging_mixin.py:188} INFO - TASK 2: DATA INGESTION
[2026-03-11T07:23:09.172+0500] {logging_mixin.py:188} INFO - ==================================================
[2026-03-11T07:23:09.192+0500] {logging_mixin.py:188} INFO - Dataset Shape: (891, 12)
[2026-03-11T07:23:09.192+0500] {logging_mixin.py:188} INFO - Rows: 891, Columns: 12
[2026-03-11T07:23:09.193+0500] {logging_mixin.py:188} INFO - 
Column Names: ['PassengerId', 'Survived', 'Pclass', 'Name', 'Sex', 'Age', 'SibSp', 'Parch', 'Ticket', 'Fare', 'Cabin', 'Embarked']
[2026-03-11T07:23:09.199+0500] {logging_mixin.py:188} INFO - 
Missing Values Count:
Age         177
Cabin       687
Embarked      2
dtype: int64
[2026-03-11T07:23:09.229+0500] {logging_mixin.py:188} INFO - 
Data path pushed to XCom: /home/hamza/mlops_assignment2/data/titanic.csv
[2026-03-11T07:23:09.230+0500] {python.py:201} INFO - Done. Returned value was: /home/hamza/mlops_assignment2/data/titanic.csv
[2026-03-11T07:23:09.263+0500] {taskinstance.py:1138} INFO - Marking task as SUCCESS. dag_id=mlops_titanic_pipeline, task_id=ingest_data, execution_date=20260311T022259, start_date=20260311T022308, end_date=20260311T022309
[2026-03-11T07:23:09.359+0500] {local_task_job_runner.py:234} INFO - Task exited with return code 0
[2026-03-11T07:23:09.417+0500] {taskinstance.py:3280} INFO - 1 downstream tasks scheduled from follow-on schedule check
