[2026-03-11T07:26:44.154+0500] {taskinstance.py:1956} INFO - Dependencies all met for dep_context=non-requeueable deps ti=<TaskInstance: mlops_titanic_pipeline.evaluate_model manual__2026-03-11T02:25:23+00:00 [queued]>
[2026-03-11T07:26:44.166+0500] {taskinstance.py:1956} INFO - Dependencies all met for dep_context=requeueable deps ti=<TaskInstance: mlops_titanic_pipeline.evaluate_model manual__2026-03-11T02:25:23+00:00 [queued]>
[2026-03-11T07:26:44.167+0500] {taskinstance.py:2170} INFO - Starting attempt 1 of 3
[2026-03-11T07:26:44.202+0500] {taskinstance.py:2191} INFO - Executing <Task(PythonOperator): evaluate_model> on 2026-03-11 02:25:23+00:00
[2026-03-11T07:26:44.216+0500] {standard_task_runner.py:60} INFO - Started process 12553 to run task
[2026-03-11T07:26:44.228+0500] {standard_task_runner.py:87} INFO - Running: ['airflow', 'tasks', 'run', 'mlops_titanic_pipeline', 'evaluate_model', 'manual__2026-03-11T02:25:23+00:00', '--job-id', '101', '--raw', '--subdir', 'DAGS_FOLDER/mlops_airflow_mlflow_pipeline.py', '--cfg-path', '/tmp/tmpapxmct9q']
[2026-03-11T07:26:44.229+0500] {standard_task_runner.py:88} INFO - Job 101: Subtask evaluate_model
[2026-03-11T07:26:44.331+0500] {task_command.py:423} INFO - Running <TaskInstance: mlops_titanic_pipeline.evaluate_model manual__2026-03-11T02:25:23+00:00 [running]> on host DESKTOP-QSRKUG3.localdomain
[2026-03-11T07:26:44.750+0500] {taskinstance.py:2480} INFO - Exporting env vars: AIRFLOW_CTX_DAG_OWNER='Hasnat_Noor' AIRFLOW_CTX_DAG_ID='mlops_titanic_pipeline' AIRFLOW_CTX_TASK_ID='evaluate_model' AIRFLOW_CTX_EXECUTION_DATE='2026-03-11T02:25:23+00:00' AIRFLOW_CTX_TRY_NUMBER='1' AIRFLOW_CTX_DAG_RUN_ID='manual__2026-03-11T02:25:23+00:00'
[2026-03-11T07:26:44.753+0500] {logging_mixin.py:188} INFO - ==================================================
[2026-03-11T07:26:44.754+0500] {logging_mixin.py:188} INFO - TASK 7: MODEL EVALUATION
[2026-03-11T07:26:44.755+0500] {logging_mixin.py:188} INFO - ==================================================
[2026-03-11T07:26:45.190+0500] {migration.py:216} INFO - Context impl SQLiteImpl.
[2026-03-11T07:26:45.190+0500] {migration.py:219} INFO - Will assume non-transactional DDL.
[2026-03-11T07:26:45.375+0500] {logging_mixin.py:188} INFO - Accuracy:  0.8324
[2026-03-11T07:26:45.375+0500] {logging_mixin.py:188} INFO - Precision: 0.8333
[2026-03-11T07:26:45.376+0500] {logging_mixin.py:188} INFO - Recall:    0.7432
[2026-03-11T07:26:45.376+0500] {logging_mixin.py:188} INFO - F1-Score:  0.7857
[2026-03-11T07:26:45.572+0500] {logging_mixin.py:188} INFO - 
All metrics logged to MLflow ✓
[2026-03-11T07:26:45.600+0500] {python.py:201} INFO - Done. Returned value was: None
[2026-03-11T07:26:45.610+0500] {taskinstance.py:1138} INFO - Marking task as SUCCESS. dag_id=mlops_titanic_pipeline, task_id=evaluate_model, execution_date=20260311T022523, start_date=20260311T022644, end_date=20260311T022645
[2026-03-11T07:26:45.686+0500] {local_task_job_runner.py:234} INFO - Task exited with return code 0
[2026-03-11T07:26:45.736+0500] {taskinstance.py:3280} INFO - 1 downstream tasks scheduled from follow-on schedule check
