[2026-03-11T07:29:57.606+0500] {taskinstance.py:1956} INFO - Dependencies all met for dep_context=non-requeueable deps ti=<TaskInstance: mlops_titanic_pipeline.train_model manual__2026-03-11T02:28:52+00:00 [queued]>
[2026-03-11T07:29:57.619+0500] {taskinstance.py:1956} INFO - Dependencies all met for dep_context=requeueable deps ti=<TaskInstance: mlops_titanic_pipeline.train_model manual__2026-03-11T02:28:52+00:00 [queued]>
[2026-03-11T07:29:57.620+0500] {taskinstance.py:2170} INFO - Starting attempt 1 of 3
[2026-03-11T07:29:57.666+0500] {taskinstance.py:2191} INFO - Executing <Task(PythonOperator): train_model> on 2026-03-11 02:28:52+00:00
[2026-03-11T07:29:57.678+0500] {standard_task_runner.py:60} INFO - Started process 12784 to run task
[2026-03-11T07:29:57.687+0500] {standard_task_runner.py:87} INFO - Running: ['airflow', 'tasks', 'run', 'mlops_titanic_pipeline', 'train_model', 'manual__2026-03-11T02:28:52+00:00', '--job-id', '110', '--raw', '--subdir', 'DAGS_FOLDER/mlops_airflow_mlflow_pipeline.py', '--cfg-path', '/tmp/tmprxscjg5b']
[2026-03-11T07:29:57.688+0500] {standard_task_runner.py:88} INFO - Job 110: Subtask train_model
[2026-03-11T07:29:57.773+0500] {task_command.py:423} INFO - Running <TaskInstance: mlops_titanic_pipeline.train_model manual__2026-03-11T02:28:52+00:00 [running]> on host DESKTOP-QSRKUG3.localdomain
[2026-03-11T07:29:58.175+0500] {taskinstance.py:2480} INFO - Exporting env vars: AIRFLOW_CTX_DAG_OWNER='Hasnat_Noor' AIRFLOW_CTX_DAG_ID='mlops_titanic_pipeline' AIRFLOW_CTX_TASK_ID='train_model' AIRFLOW_CTX_EXECUTION_DATE='2026-03-11T02:28:52+00:00' AIRFLOW_CTX_TRY_NUMBER='1' AIRFLOW_CTX_DAG_RUN_ID='manual__2026-03-11T02:28:52+00:00'
[2026-03-11T07:29:58.176+0500] {logging_mixin.py:188} INFO - ==================================================
[2026-03-11T07:29:58.177+0500] {logging_mixin.py:188} INFO - TASK 6: MODEL TRAINING WITH MLFLOW
[2026-03-11T07:29:58.177+0500] {logging_mixin.py:188} INFO - ==================================================
[2026-03-11T07:29:58.204+0500] {logging_mixin.py:188} INFO - Training size: (712, 9)
[2026-03-11T07:29:58.205+0500] {logging_mixin.py:188} INFO - Testing size:  (179, 9)
[2026-03-11T07:29:58.576+0500] {migration.py:216} INFO - Context impl SQLiteImpl.
[2026-03-11T07:29:58.576+0500] {migration.py:219} INFO - Will assume non-transactional DDL.
[2026-03-11T07:29:58.942+0500] {logging_mixin.py:188} INFO - 
Model Type:   LogisticRegression
[2026-03-11T07:29:58.943+0500] {logging_mixin.py:188} INFO - N_Estimators: 100
[2026-03-11T07:29:58.944+0500] {logging_mixin.py:188} INFO - Max_Depth:    None
[2026-03-11T07:29:59.027+0500] {logging_mixin.py:188} WARNING - /home/hamza/mlops_assignment2/mlops_env/lib/python3.8/site-packages/sklearn/linear_model/_logistic.py:460 ConvergenceWarning: lbfgs failed to converge (status=1):
STOP: TOTAL NO. of ITERATIONS REACHED LIMIT.

Increase the number of iterations (max_iter) or scale the data as shown in:
    https://scikit-learn.org/stable/modules/preprocessing.html
Please also refer to the documentation for alternative solver options:
    https://scikit-learn.org/stable/modules/linear_model.html#logistic-regression
[2026-03-11T07:30:02.907+0500] {logging_mixin.py:188} WARNING - 2026/03/11 07:30:02 WARNING mlflow.models.model: Model logged without a signature and input example. Please set `input_example` parameter when logging the model to auto infer the model signature.
[2026-03-11T07:30:02.978+0500] {logging_mixin.py:188} INFO - 
MLflow Run ID: 7810a532710a4409b6824e5369b08d41
[2026-03-11T07:30:02.979+0500] {logging_mixin.py:188} INFO - Model artifact logged to MLflow ✓
[2026-03-11T07:30:03.161+0500] {python.py:201} INFO - Done. Returned value was: None
[2026-03-11T07:30:03.172+0500] {taskinstance.py:1138} INFO - Marking task as SUCCESS. dag_id=mlops_titanic_pipeline, task_id=train_model, execution_date=20260311T022852, start_date=20260311T022957, end_date=20260311T023003
[2026-03-11T07:30:03.284+0500] {local_task_job_runner.py:234} INFO - Task exited with return code 0
[2026-03-11T07:30:03.334+0500] {taskinstance.py:3280} INFO - 1 downstream tasks scheduled from follow-on schedule check
