[2026-03-11T07:26:51.914+0500] {taskinstance.py:1956} INFO - Dependencies all met for dep_context=non-requeueable deps ti=<TaskInstance: mlops_titanic_pipeline.branch_model manual__2026-03-11T02:25:23+00:00 [queued]>
[2026-03-11T07:26:51.929+0500] {taskinstance.py:1956} INFO - Dependencies all met for dep_context=requeueable deps ti=<TaskInstance: mlops_titanic_pipeline.branch_model manual__2026-03-11T02:25:23+00:00 [queued]>
[2026-03-11T07:26:51.930+0500] {taskinstance.py:2170} INFO - Starting attempt 1 of 3
[2026-03-11T07:26:51.981+0500] {taskinstance.py:2191} INFO - Executing <Task(BranchPythonOperator): branch_model> on 2026-03-11 02:25:23+00:00
[2026-03-11T07:26:51.996+0500] {standard_task_runner.py:60} INFO - Started process 12564 to run task
[2026-03-11T07:26:52.007+0500] {standard_task_runner.py:87} INFO - Running: ['airflow', 'tasks', 'run', 'mlops_titanic_pipeline', 'branch_model', 'manual__2026-03-11T02:25:23+00:00', '--job-id', '102', '--raw', '--subdir', 'DAGS_FOLDER/mlops_airflow_mlflow_pipeline.py', '--cfg-path', '/tmp/tmpe6f267hz']
[2026-03-11T07:26:52.010+0500] {standard_task_runner.py:88} INFO - Job 102: Subtask branch_model
[2026-03-11T07:26:52.110+0500] {task_command.py:423} INFO - Running <TaskInstance: mlops_titanic_pipeline.branch_model manual__2026-03-11T02:25:23+00:00 [running]> on host DESKTOP-QSRKUG3.localdomain
[2026-03-11T07:26:52.464+0500] {taskinstance.py:2480} INFO - Exporting env vars: AIRFLOW_CTX_DAG_OWNER='Hasnat_Noor' AIRFLOW_CTX_DAG_ID='mlops_titanic_pipeline' AIRFLOW_CTX_TASK_ID='branch_model' AIRFLOW_CTX_EXECUTION_DATE='2026-03-11T02:25:23+00:00' AIRFLOW_CTX_TRY_NUMBER='1' AIRFLOW_CTX_DAG_RUN_ID='manual__2026-03-11T02:25:23+00:00'
[2026-03-11T07:26:52.465+0500] {logging_mixin.py:188} INFO - ==================================================
[2026-03-11T07:26:52.466+0500] {logging_mixin.py:188} INFO - TASK 8: BRANCHING LOGIC
[2026-03-11T07:26:52.466+0500] {logging_mixin.py:188} INFO - ==================================================
[2026-03-11T07:26:52.473+0500] {logging_mixin.py:188} INFO - Model Accuracy: 0.8324
[2026-03-11T07:26:52.474+0500] {logging_mixin.py:188} INFO - Threshold:      0.80
[2026-03-11T07:26:52.474+0500] {logging_mixin.py:188} INFO - Decision: REGISTER MODEL ✓
[2026-03-11T07:26:52.474+0500] {python.py:201} INFO - Done. Returned value was: register_model
[2026-03-11T07:26:52.475+0500] {branch.py:35} INFO - Branch into register_model
[2026-03-11T07:26:52.475+0500] {skipmixin.py:178} INFO - Following branch register_model
[2026-03-11T07:26:52.485+0500] {skipmixin.py:244} INFO - Skipping tasks [('reject_model', -1)]
[2026-03-11T07:26:52.570+0500] {taskinstance.py:1138} INFO - Marking task as SUCCESS. dag_id=mlops_titanic_pipeline, task_id=branch_model, execution_date=20260311T022523, start_date=20260311T022651, end_date=20260311T022652
[2026-03-11T07:26:52.662+0500] {local_task_job_runner.py:234} INFO - Task exited with return code 0
[2026-03-11T07:26:52.749+0500] {taskinstance.py:3280} INFO - 1 downstream tasks scheduled from follow-on schedule check
