[2026-03-11T07:29:41.033+0500] {taskinstance.py:1956} INFO - Dependencies all met for dep_context=non-requeueable deps ti=<TaskInstance: mlops_titanic_pipeline.feature_engineering manual__2026-03-11T02:28:52+00:00 [queued]>
[2026-03-11T07:29:41.041+0500] {taskinstance.py:1956} INFO - Dependencies all met for dep_context=requeueable deps ti=<TaskInstance: mlops_titanic_pipeline.feature_engineering manual__2026-03-11T02:28:52+00:00 [queued]>
[2026-03-11T07:29:41.042+0500] {taskinstance.py:2170} INFO - Starting attempt 1 of 3
[2026-03-11T07:29:41.066+0500] {taskinstance.py:2191} INFO - Executing <Task(PythonOperator): feature_engineering> on 2026-03-11 02:28:52+00:00
[2026-03-11T07:29:41.096+0500] {standard_task_runner.py:60} INFO - Started process 12755 to run task
[2026-03-11T07:29:41.115+0500] {standard_task_runner.py:87} INFO - Running: ['airflow', 'tasks', 'run', 'mlops_titanic_pipeline', 'feature_engineering', 'manual__2026-03-11T02:28:52+00:00', '--job-id', '108', '--raw', '--subdir', 'DAGS_FOLDER/mlops_airflow_mlflow_pipeline.py', '--cfg-path', '/tmp/tmpd6szrh4o']
[2026-03-11T07:29:41.116+0500] {standard_task_runner.py:88} INFO - Job 108: Subtask feature_engineering
[2026-03-11T07:29:41.276+0500] {task_command.py:423} INFO - Running <TaskInstance: mlops_titanic_pipeline.feature_engineering manual__2026-03-11T02:28:52+00:00 [running]> on host DESKTOP-QSRKUG3.localdomain
[2026-03-11T07:29:41.714+0500] {taskinstance.py:2480} INFO - Exporting env vars: AIRFLOW_CTX_DAG_OWNER='Hasnat_Noor' AIRFLOW_CTX_DAG_ID='mlops_titanic_pipeline' AIRFLOW_CTX_TASK_ID='feature_engineering' AIRFLOW_CTX_EXECUTION_DATE='2026-03-11T02:28:52+00:00' AIRFLOW_CTX_TRY_NUMBER='1' AIRFLOW_CTX_DAG_RUN_ID='manual__2026-03-11T02:28:52+00:00'
[2026-03-11T07:29:41.715+0500] {logging_mixin.py:188} INFO - ==================================================
[2026-03-11T07:29:41.716+0500] {logging_mixin.py:188} INFO - TASK 4b: FEATURE ENGINEERING
[2026-03-11T07:29:41.717+0500] {logging_mixin.py:188} INFO - ==================================================
[2026-03-11T07:29:41.747+0500] {logging_mixin.py:188} INFO - FamilySize - min: 1, max: 11
[2026-03-11T07:29:41.750+0500] {logging_mixin.py:188} INFO - IsAlone    - 0s: 354, 1s: 537
[2026-03-11T07:29:41.765+0500] {logging_mixin.py:188} INFO - 
Sample rows:
   SibSp  Parch  FamilySize  IsAlone
0      1      0           2        0
1      1      0           2        0
2      0      0           1        1
3      1      0           2        0
4      0      0           1        1
[2026-03-11T07:29:41.800+0500] {logging_mixin.py:188} INFO - 
Saved to: /home/hamza/mlops_assignment2/data/titanic_features.csv
[2026-03-11T07:29:41.801+0500] {python.py:201} INFO - Done. Returned value was: None
[2026-03-11T07:29:41.810+0500] {taskinstance.py:1138} INFO - Marking task as SUCCESS. dag_id=mlops_titanic_pipeline, task_id=feature_engineering, execution_date=20260311T022852, start_date=20260311T022941, end_date=20260311T022941
[2026-03-11T07:29:41.886+0500] {local_task_job_runner.py:234} INFO - Task exited with return code 0
[2026-03-11T07:29:41.938+0500] {taskinstance.py:3280} INFO - 1 downstream tasks scheduled from follow-on schedule check
