[2026-03-11T07:30:10.648+0500] {taskinstance.py:1956} INFO - Dependencies all met for dep_context=non-requeueable deps ti=<TaskInstance: mlops_titanic_pipeline.evaluate_model manual__2026-03-11T02:28:52+00:00 [queued]>
[2026-03-11T07:30:10.660+0500] {taskinstance.py:1956} INFO - Dependencies all met for dep_context=requeueable deps ti=<TaskInstance: mlops_titanic_pipeline.evaluate_model manual__2026-03-11T02:28:52+00:00 [queued]>
[2026-03-11T07:30:10.660+0500] {taskinstance.py:2170} INFO - Starting attempt 1 of 3
[2026-03-11T07:30:10.687+0500] {taskinstance.py:2191} INFO - Executing <Task(PythonOperator): evaluate_model> on 2026-03-11 02:28:52+00:00
[2026-03-11T07:30:10.712+0500] {standard_task_runner.py:60} INFO - Started process 12817 to run task
[2026-03-11T07:30:10.729+0500] {standard_task_runner.py:87} INFO - Running: ['airflow', 'tasks', 'run', 'mlops_titanic_pipeline', 'evaluate_model', 'manual__2026-03-11T02:28:52+00:00', '--job-id', '111', '--raw', '--subdir', 'DAGS_FOLDER/mlops_airflow_mlflow_pipeline.py', '--cfg-path', '/tmp/tmpwmv1_bqc']
[2026-03-11T07:30:10.731+0500] {standard_task_runner.py:88} INFO - Job 111: Subtask evaluate_model
[2026-03-11T07:30:10.878+0500] {task_command.py:423} INFO - Running <TaskInstance: mlops_titanic_pipeline.evaluate_model manual__2026-03-11T02:28:52+00:00 [running]> on host DESKTOP-QSRKUG3.localdomain
[2026-03-11T07:30:11.342+0500] {taskinstance.py:2480} INFO - Exporting env vars: AIRFLOW_CTX_DAG_OWNER='Hasnat_Noor' AIRFLOW_CTX_DAG_ID='mlops_titanic_pipeline' AIRFLOW_CTX_TASK_ID='evaluate_model' AIRFLOW_CTX_EXECUTION_DATE='2026-03-11T02:28:52+00:00' AIRFLOW_CTX_TRY_NUMBER='1' AIRFLOW_CTX_DAG_RUN_ID='manual__2026-03-11T02:28:52+00:00'
[2026-03-11T07:30:11.344+0500] {logging_mixin.py:188} INFO - ==================================================
[2026-03-11T07:30:11.344+0500] {logging_mixin.py:188} INFO - TASK 7: MODEL EVALUATION
[2026-03-11T07:30:11.345+0500] {logging_mixin.py:188} INFO - ==================================================
[2026-03-11T07:30:11.717+0500] {migration.py:216} INFO - Context impl SQLiteImpl.
[2026-03-11T07:30:11.717+0500] {migration.py:219} INFO - Will assume non-transactional DDL.
[2026-03-11T07:30:11.827+0500] {logging_mixin.py:188} INFO - Accuracy:  0.7989
[2026-03-11T07:30:11.827+0500] {logging_mixin.py:188} INFO - Precision: 0.7794
[2026-03-11T07:30:11.827+0500] {logging_mixin.py:188} INFO - Recall:    0.7162
[2026-03-11T07:30:11.828+0500] {logging_mixin.py:188} INFO - F1-Score:  0.7465
[2026-03-11T07:30:12.050+0500] {logging_mixin.py:188} INFO - 
All metrics logged to MLflow ✓
[2026-03-11T07:30:12.079+0500] {python.py:201} INFO - Done. Returned value was: None
[2026-03-11T07:30:12.095+0500] {taskinstance.py:1138} INFO - Marking task as SUCCESS. dag_id=mlops_titanic_pipeline, task_id=evaluate_model, execution_date=20260311T022852, start_date=20260311T023010, end_date=20260311T023012
[2026-03-11T07:30:12.230+0500] {local_task_job_runner.py:234} INFO - Task exited with return code 0
[2026-03-11T07:30:12.315+0500] {taskinstance.py:3280} INFO - 1 downstream tasks scheduled from follow-on schedule check
