[2026-03-11T07:27:00.930+0500] {taskinstance.py:1956} INFO - Dependencies all met for dep_context=non-requeueable deps ti=<TaskInstance: mlops_titanic_pipeline.register_model manual__2026-03-11T02:25:23+00:00 [queued]>
[2026-03-11T07:27:00.946+0500] {taskinstance.py:1956} INFO - Dependencies all met for dep_context=requeueable deps ti=<TaskInstance: mlops_titanic_pipeline.register_model manual__2026-03-11T02:25:23+00:00 [queued]>
[2026-03-11T07:27:00.946+0500] {taskinstance.py:2170} INFO - Starting attempt 1 of 3
[2026-03-11T07:27:00.978+0500] {taskinstance.py:2191} INFO - Executing <Task(PythonOperator): register_model> on 2026-03-11 02:25:23+00:00
[2026-03-11T07:27:00.994+0500] {standard_task_runner.py:60} INFO - Started process 12575 to run task
[2026-03-11T07:27:01.007+0500] {standard_task_runner.py:87} INFO - Running: ['airflow', 'tasks', 'run', 'mlops_titanic_pipeline', 'register_model', 'manual__2026-03-11T02:25:23+00:00', '--job-id', '103', '--raw', '--subdir', 'DAGS_FOLDER/mlops_airflow_mlflow_pipeline.py', '--cfg-path', '/tmp/tmp0i0e8swh']
[2026-03-11T07:27:01.009+0500] {standard_task_runner.py:88} INFO - Job 103: Subtask register_model
[2026-03-11T07:27:01.129+0500] {task_command.py:423} INFO - Running <TaskInstance: mlops_titanic_pipeline.register_model manual__2026-03-11T02:25:23+00:00 [running]> on host DESKTOP-QSRKUG3.localdomain
[2026-03-11T07:27:01.471+0500] {taskinstance.py:2480} INFO - Exporting env vars: AIRFLOW_CTX_DAG_OWNER='Hasnat_Noor' AIRFLOW_CTX_DAG_ID='mlops_titanic_pipeline' AIRFLOW_CTX_TASK_ID='register_model' AIRFLOW_CTX_EXECUTION_DATE='2026-03-11T02:25:23+00:00' AIRFLOW_CTX_TRY_NUMBER='1' AIRFLOW_CTX_DAG_RUN_ID='manual__2026-03-11T02:25:23+00:00'
[2026-03-11T07:27:01.472+0500] {logging_mixin.py:188} INFO - ==================================================
[2026-03-11T07:27:01.473+0500] {logging_mixin.py:188} INFO - TASK 9: MODEL REGISTRATION
[2026-03-11T07:27:01.473+0500] {logging_mixin.py:188} INFO - ==================================================
[2026-03-11T07:27:01.788+0500] {migration.py:216} INFO - Context impl SQLiteImpl.
[2026-03-11T07:27:01.788+0500] {migration.py:219} INFO - Will assume non-transactional DDL.
[2026-03-11T07:27:01.879+0500] {logging_mixin.py:188} WARNING - Successfully registered model 'TitanicSurvivalModel'.
[2026-03-11T07:27:01.957+0500] {logging_mixin.py:188} WARNING - Created version '1' of model 'TitanicSurvivalModel'.
[2026-03-11T07:27:01.958+0500] {logging_mixin.py:188} INFO - Model Name:    TitanicSurvivalModel
[2026-03-11T07:27:01.958+0500] {logging_mixin.py:188} INFO - Model Version: 1
[2026-03-11T07:27:01.958+0500] {logging_mixin.py:188} INFO - Run ID:        25c4ec031fee45ecbc32e705a22c4a70
[2026-03-11T07:27:01.959+0500] {logging_mixin.py:188} INFO - Accuracy:      0.8324
[2026-03-11T07:27:01.959+0500] {logging_mixin.py:188} INFO - 
Model successfully registered in MLflow Registry ✓
[2026-03-11T07:27:01.960+0500] {python.py:201} INFO - Done. Returned value was: None
[2026-03-11T07:27:01.970+0500] {taskinstance.py:1138} INFO - Marking task as SUCCESS. dag_id=mlops_titanic_pipeline, task_id=register_model, execution_date=20260311T022523, start_date=20260311T022700, end_date=20260311T022701
[2026-03-11T07:27:02.064+0500] {local_task_job_runner.py:234} INFO - Task exited with return code 0
[2026-03-11T07:27:02.095+0500] {taskinstance.py:3280} INFO - 0 downstream tasks scheduled from follow-on schedule check
