[2026-03-11T07:23:43.610+0500] {taskinstance.py:1956} INFO - Dependencies all met for dep_context=non-requeueable deps ti=<TaskInstance: mlops_titanic_pipeline.handle_missing manual__2026-03-11T02:22:59+00:00 [queued]>
[2026-03-11T07:23:43.620+0500] {taskinstance.py:1956} INFO - Dependencies all met for dep_context=requeueable deps ti=<TaskInstance: mlops_titanic_pipeline.handle_missing manual__2026-03-11T02:22:59+00:00 [queued]>
[2026-03-11T07:23:43.620+0500] {taskinstance.py:2170} INFO - Starting attempt 1 of 3
[2026-03-11T07:23:43.646+0500] {taskinstance.py:2191} INFO - Executing <Task(PythonOperator): handle_missing> on 2026-03-11 02:22:59+00:00
[2026-03-11T07:23:43.660+0500] {standard_task_runner.py:60} INFO - Started process 12295 to run task
[2026-03-11T07:23:43.673+0500] {standard_task_runner.py:87} INFO - Running: ['airflow', 'tasks', 'run', 'mlops_titanic_pipeline', 'handle_missing', 'manual__2026-03-11T02:22:59+00:00', '--job-id', '87', '--raw', '--subdir', 'DAGS_FOLDER/mlops_airflow_mlflow_pipeline.py', '--cfg-path', '/tmp/tmpjv76igi6']
[2026-03-11T07:23:43.675+0500] {standard_task_runner.py:88} INFO - Job 87: Subtask handle_missing
[2026-03-11T07:23:43.782+0500] {task_command.py:423} INFO - Running <TaskInstance: mlops_titanic_pipeline.handle_missing manual__2026-03-11T02:22:59+00:00 [running]> on host DESKTOP-QSRKUG3.localdomain
[2026-03-11T07:23:44.241+0500] {taskinstance.py:2480} INFO - Exporting env vars: AIRFLOW_CTX_DAG_OWNER='Hasnat_Noor' AIRFLOW_CTX_DAG_ID='mlops_titanic_pipeline' AIRFLOW_CTX_TASK_ID='handle_missing' AIRFLOW_CTX_EXECUTION_DATE='2026-03-11T02:22:59+00:00' AIRFLOW_CTX_TRY_NUMBER='1' AIRFLOW_CTX_DAG_RUN_ID='manual__2026-03-11T02:22:59+00:00'
[2026-03-11T07:23:44.243+0500] {logging_mixin.py:188} INFO - ==================================================
[2026-03-11T07:23:44.244+0500] {logging_mixin.py:188} INFO - TASK 4a: HANDLE MISSING VALUES
[2026-03-11T07:23:44.244+0500] {logging_mixin.py:188} INFO - ==================================================
[2026-03-11T07:23:44.277+0500] {logging_mixin.py:188} INFO - Before - Age nulls:      177
[2026-03-11T07:23:44.279+0500] {logging_mixin.py:188} INFO - Before - Embarked nulls: 2
[2026-03-11T07:23:44.280+0500] {logging_mixin.py:188} INFO - Before - Fare nulls:     0
[2026-03-11T07:23:44.286+0500] {logging_mixin.py:188} INFO - 
After - Age nulls:      0
[2026-03-11T07:23:44.287+0500] {logging_mixin.py:188} INFO - After - Embarked nulls: 0
[2026-03-11T07:23:44.289+0500] {logging_mixin.py:188} INFO - After - Fare nulls:     0
[2026-03-11T07:23:44.330+0500] {logging_mixin.py:188} INFO - 
Saved to: /home/hamza/mlops_assignment2/data/titanic_missing_handled.csv
[2026-03-11T07:23:44.331+0500] {python.py:201} INFO - Done. Returned value was: None
[2026-03-11T07:23:44.339+0500] {taskinstance.py:1138} INFO - Marking task as SUCCESS. dag_id=mlops_titanic_pipeline, task_id=handle_missing, execution_date=20260311T022259, start_date=20260311T022343, end_date=20260311T022344
[2026-03-11T07:23:44.414+0500] {local_task_job_runner.py:234} INFO - Task exited with return code 0
[2026-03-11T07:23:44.469+0500] {taskinstance.py:3280} INFO - 0 downstream tasks scheduled from follow-on schedule check
